Welcome to Xilinx CORE Generator.
Help system initialized.
The IP Catalog has been reloaded.
Opening project file /home/ktown/R3/coregen/coregen.cgp.
Recustomize and Generate (Under Original Project Settings)INFO:sim:172 - Generating IP...
WARNING:sim - A core named 'fifo_fwft_96x512_hf' already exists in the project.
   Output products for this core may be overwritten.
Resolving generics for 'fifo_fwft_96x512_hf'...
WARNING:sim - A core named 'fifo_fwft_96x512_hf' already exists in the project.
   Output products for this core may be overwritten.
Applying external generics to 'fifo_fwft_96x512_hf'...
Delivering associated files for 'fifo_fwft_96x512_hf'...
WARNING:sim - Can't find 'Verilog' synthesis view; using general synthesis view
Delivering EJava files for 'fifo_fwft_96x512_hf'...
Generating implementation netlist for 'fifo_fwft_96x512_hf'...
INFO:sim - Pre-processing HDL files for 'fifo_fwft_96x512_hf'...
WARNING:sim - BlackBox generator run option '-ifmt' found multiple times. Only
   the first occurence is considered.
Running synthesis for 'fifo_fwft_96x512_hf'
Running ngcbuild...
Writing VEO instantiation template for 'fifo_fwft_96x512_hf'...
Writing Verilog structural simulation model for 'fifo_fwft_96x512_hf'...
Generating ASY schematic symbol...
INFO:sim:949 - Finished generation of ASY schematic symbol.
Generating metadata file...
Generating ISE project...
XCO file found: fifo_fwft_96x512_hf.xco
XMDF file found: fifo_fwft_96x512_hf_xmdf.tcl
Adding /home/ktown/R3/coregen/tmp/_cg/fifo_fwft_96x512_hf.asy -view all
-origin_type imported
Adding /home/ktown/R3/coregen/tmp/_cg/fifo_fwft_96x512_hf.ngc -view all
-origin_type created
Checking file "/home/ktown/R3/coregen/tmp/_cg/fifo_fwft_96x512_hf.ngc" for
project device match ...
File "/home/ktown/R3/coregen/tmp/_cg/fifo_fwft_96x512_hf.ngc" device information
matches project device.
Adding /home/ktown/R3/coregen/tmp/_cg/fifo_fwft_96x512_hf.v -view all
-origin_type created
INFO:HDLCompiler:1845 - Analyzing Verilog file
   "/home/ktown/R3/coregen/tmp/_cg/fifo_fwft_96x512_hf.v" into library work
INFO:ProjectMgmt - Parsing design hierarchy completed successfully.
Adding /home/ktown/R3/coregen/tmp/_cg/fifo_fwft_96x512_hf.veo -view all
-origin_type imported
Adding /home/ktown/R3/coregen/tmp/_cg/fifo_generator_v8_4_readme.txt -view all
-origin_type imported
INFO:TclTasksC:2116 - The automatic calculation of top has been turned-off.
   Please set the new top explicitly by running the "project set top" command.
   To re-calculate the new top automatically, set the "Auto Implementation Top"
   property to true.
Top level has been set to "/fifo_fwft_96x512_hf"
Generating README file...
Generating FLIST file...
INFO:sim:948 - Finished FLIST file generation.
Launching README viewer...
Moving files to output directory...
Finished moving files to output directory
Saved CGP file for project 'coregen'.
Closed project file.
